<?xml version="1.0" encoding="UTF-8"?>
<!-- Generated by org.testng.reporters.JUnitReportReporter -->
<testsuite hostname="IBM887-R9TFEGP" name="RIPC_LeftHandPanel" tests="1" failures="0" timestamp="9 Mar 2016 15:44:54 GMT" time="0.015" errors="0">
  <testcase name="f" time="0.015" classname="RIPC_LeftHandPanel"/>
</testsuite> <!-- RIPC_LeftHandPanel -->
